  main.cpp
C:\Program Files\Microsoft Visual Studio\2022\Enterprise\VC\Tools\MSVC\14.43.34808\include\filesystem(12): warning STL4038: The contents of <filesystem> are available only with C++17 or later.
D:\Study\ĐHMT\OpenGL-SolarSystem\OpenGL-SolarSystem-master\main.cpp(47,22): warning C4244: '=': conversion from 'LONG' to 'float', possible loss of data
D:\Study\ĐHMT\OpenGL-SolarSystem\OpenGL-SolarSystem-master\main.cpp(48,20): warning C4244: '=': conversion from 'LONG' to 'float', possible loss of data
D:\Study\ĐHMT\OpenGL-SolarSystem\OpenGL-SolarSystem-master\main.cpp(168,54): warning C4244: 'argument': conversion from 'float' to 'int', possible loss of data
D:\Study\ĐHMT\OpenGL-SolarSystem\OpenGL-SolarSystem-master\main.cpp(168,40): warning C4244: 'argument': conversion from 'float' to 'int', possible loss of data
D:\Study\ĐHMT\OpenGL-SolarSystem\OpenGL-SolarSystem-master\main.cpp(244,24): warning C4838: conversion from 'FT_Pos' to 'GLuint' requires a narrowing conversion
C:\Program Files\Microsoft Visual Studio\2022\Enterprise\VC\Tools\MSVC\14.43.34808\include\utility(274,16): warning C4244: 'initializing': conversion from 'wchar_t' to '_Ty1', possible loss of data
C:\Program Files\Microsoft Visual Studio\2022\Enterprise\VC\Tools\MSVC\14.43.34808\include\utility(274,16): warning C4244:         with
C:\Program Files\Microsoft Visual Studio\2022\Enterprise\VC\Tools\MSVC\14.43.34808\include\utility(274,16): warning C4244:         [
C:\Program Files\Microsoft Visual Studio\2022\Enterprise\VC\Tools\MSVC\14.43.34808\include\utility(274,16): warning C4244:             _Ty1=GLchar
C:\Program Files\Microsoft Visual Studio\2022\Enterprise\VC\Tools\MSVC\14.43.34808\include\utility(274,16): warning C4244:         ]
  (compiling source file 'main.cpp')
      C:\Program Files\Microsoft Visual Studio\2022\Enterprise\VC\Tools\MSVC\14.43.34808\include\utility(274,16):
      the template instantiation context (the oldest one first) is
          D:\Study\ĐHMT\OpenGL-SolarSystem\OpenGL-SolarSystem-master\main.cpp(246,49):
          see reference to function template instantiation 'std::pair<GLchar,Character>::pair<wchar_t&,Character&,0>(_Other1,_Other2) noexcept' being compiled
          with
          [
              _Other1=wchar_t &,
              _Other2=Character &
          ]
              D:\Study\ĐHMT\OpenGL-SolarSystem\OpenGL-SolarSystem-master\main.cpp(246,20):
              see the first reference to 'std::pair<GLchar,Character>::pair' in 'main'
  
  Generating code
  1 of 886 functions ( 0.1%) were compiled, the rest were copied from previous compilation.
    0 functions were new in current compilation
    9 functions had inline decision re-evaluated but remain unchanged
  Finished generating code
glfw3.lib(context.obj) : warning LNK4099: PDB '' was not found with 'glfw3.lib(context.obj)' or at ''; linking object as if no debug info
glfw3.lib(window.obj) : warning LNK4099: PDB '' was not found with 'glfw3.lib(window.obj)' or at ''; linking object as if no debug info
glfw3.lib(input.obj) : warning LNK4099: PDB '' was not found with 'glfw3.lib(input.obj)' or at ''; linking object as if no debug info
glfw3.lib(init.obj) : warning LNK4099: PDB '' was not found with 'glfw3.lib(init.obj)' or at ''; linking object as if no debug info
glfw3.lib(win32_tls.obj) : warning LNK4099: PDB '' was not found with 'glfw3.lib(win32_tls.obj)' or at ''; linking object as if no debug info
glfw3.lib(win32_window.obj) : warning LNK4099: PDB '' was not found with 'glfw3.lib(win32_window.obj)' or at ''; linking object as if no debug info
glfw3.lib(win32_joystick.obj) : warning LNK4099: PDB '' was not found with 'glfw3.lib(win32_joystick.obj)' or at ''; linking object as if no debug info
glfw3.lib(win32_time.obj) : warning LNK4099: PDB '' was not found with 'glfw3.lib(win32_time.obj)' or at ''; linking object as if no debug info
glfw3.lib(win32_init.obj) : warning LNK4099: PDB '' was not found with 'glfw3.lib(win32_init.obj)' or at ''; linking object as if no debug info
glfw3.lib(win32_monitor.obj) : warning LNK4099: PDB '' was not found with 'glfw3.lib(win32_monitor.obj)' or at ''; linking object as if no debug info
glfw3.lib(monitor.obj) : warning LNK4099: PDB '' was not found with 'glfw3.lib(monitor.obj)' or at ''; linking object as if no debug info
glfw3.lib(vulkan.obj) : warning LNK4099: PDB '' was not found with 'glfw3.lib(vulkan.obj)' or at ''; linking object as if no debug info
glfw3.lib(wgl_context.obj) : warning LNK4099: PDB '' was not found with 'glfw3.lib(wgl_context.obj)' or at ''; linking object as if no debug info
glfw3.lib(egl_context.obj) : warning LNK4099: PDB '' was not found with 'glfw3.lib(egl_context.obj)' or at ''; linking object as if no debug info
  DiamondEngine.vcxproj -> D:\Study\ĐHMT\OpenGL-SolarSystem\OpenGL-SolarSystem-master\x64\Release\DiamondEngine.exe
